2015-01-19 11:40:10,408 [main            ] [          ] INFO  org.eclipse.jetty.server.Server - jetty-8.1.8.v20121106
2015-01-19 11:40:10,641 [main            ] [          ] INFO  restx.RestxMainRouterFactory - LOADING MAIN ROUTER
2015-01-19 11:40:10,641 [main            ] [          ] INFO  restx.RestxMainRouterFactory - 
--------------------------------------
 -- RESTX >> LOAD ON REQUEST << >> CLEAN << >> TEST MODE <<
 -- for admin console,
 --   VISIT http://127.0.0.1:55995/api/@/ui/
 --

2015-01-19 11:40:11,724 [qtp388177239-14 ] [          ] INFO  restx.stats.RestxStatsCollector - collecting and sharing stats enabled - see http://restx.io/stats.html for details.
2015-01-19 11:40:11,808 [qtp388177239-14 ] [          ] INFO  o.h.validator.internal.util.Version - HV000001: Hibernate Validator 5.0.1.Final
2015-01-19 11:40:11,901 [qtp388177239-14 ] [          ] INFO  restx.RestxMainRouterFactory - [RESTX REQUEST] GET /hello ? who=xavier - per request factory created in 1,068 s
2015-01-19 11:40:11,914 [qtp388177239-14 ] [          ] INFO  restx.StdRestxMainRouter - << [RESTX REQUEST] GET /hello ? who=xavier >> OK - 12,08 ms
2015-01-19 11:40:12,253 [qtp388177239-14 ] [          ] INFO  restx.stats.RestxStatsCollector - collecting and sharing stats enabled - see http://restx.io/stats.html for details.
2015-01-19 11:40:12,289 [qtp388177239-14 ] [          ] INFO  restx.RestxMainRouterFactory - [RESTX REQUEST] GET /message - per request factory created in 241,9 ms
2015-01-19 11:40:12,316 [qtp388177239-14 ] [admin     ] INFO  restx.StdRestxMainRouter - << [RESTX REQUEST] GET /message >> OK - 26,69 ms
2015-01-19 11:40:12,622 [qtp388177239-14 ] [          ] INFO  restx.stats.RestxStatsCollector - collecting and sharing stats enabled - see http://restx.io/stats.html for details.
2015-01-19 11:40:12,652 [qtp388177239-14 ] [          ] INFO  restx.RestxMainRouterFactory - [RESTX REQUEST] GET /message - per request factory created in 212,6 ms
2015-01-19 11:40:12,661 [qtp388177239-14 ] [user1     ] INFO  restx.StdRestxMainRouter - << [RESTX REQUEST] GET /message >> OK - 8,919 ms
2015-01-19 11:40:13,248 [qtp388177239-14 ] [          ] INFO  restx.stats.RestxStatsCollector - collecting and sharing stats enabled - see http://restx.io/stats.html for details.
2015-01-19 11:40:13,384 [qtp388177239-14 ] [          ] INFO  restx.RestxMainRouterFactory - [RESTX REQUEST] GET /message - per request factory created in 591,7 ms
2015-01-19 11:40:13,414 [qtp388177239-14 ] [user2     ] INFO  restx.StdRestxMainRouter - << [RESTX REQUEST] GET /message >> FORBIDDEN - 29,31 ms
2015-01-19 12:10:33,018 [main            ] [          ] INFO  org.eclipse.jetty.server.Server - jetty-8.1.8.v20121106
2015-01-19 12:10:34,030 [main            ] [          ] INFO  restx.RestxMainRouterFactory - LOADING MAIN ROUTER
2015-01-19 12:10:34,030 [main            ] [          ] INFO  restx.RestxMainRouterFactory - 
--------------------------------------
 -- RESTX >> LOAD ON REQUEST << >> DEV MODE << >> AUTO COMPILE <<
 -- for admin console,
 --   VISIT http://127.0.0.1:10043/api/@/ui/
 --

2015-01-19 12:10:35,897 [pool-1-thread-1 ] [          ] INFO  restx.classloader.CompilationManager - compilation finished: 5 sources compiled in 1,286 s
2015-01-19 12:10:36,441 [main            ] [          ] INFO  restx.classloader.CompilationManager - watching for changes in [src\main\java, src\main\resources]; current location is C:\data\xquerybenchmark\lib\fse-backend-restd\.
2015-01-19 12:10:37,042 [main            ] [          ] INFO  restx.monitor.MetricsConfiguration - registering Metrics JVM metrics
2015-01-19 12:10:37,112 [main            ] [          ] INFO  restx.stats.RestxStatsCollector - collecting and sharing stats enabled - see http://restx.io/stats.html for details.
2015-01-19 12:10:57,070 [qtp768298666-23 ] [          ] INFO  o.h.validator.internal.util.Version - HV000001: Hibernate Validator 5.0.1.Final
2015-01-19 12:10:57,188 [qtp768298666-23 ] [          ] INFO  restx.RestxMainRouterFactory - [RESTX REQUEST] GET  - per request factory created in 383,7 ms
2015-01-19 12:10:57,189 [qtp768298666-23 ] [          ] INFO  restx.StdRestxMainRouter - << [RESTX REQUEST] GET  >> NOT_FOUND - 1,034 ms
2015-01-19 12:11:01,510 [qtp768298666-23 ] [          ] INFO  restx.StdRestxMainRouter - << [RESTX REQUEST] GET /ui >> NOT_FOUND - 680,2 μs
2015-01-19 12:11:07,798 [qtp768298666-23 ] [          ] INFO  restx.StdRestxMainRouter - << [RESTX REQUEST] GET /@/ui >> NOT_FOUND - 620,1 μs
2015-01-19 12:11:16,584 [qtp768298666-23 ] [          ] INFO  restx.RestxMainRouterFactory - [RESTX REQUEST] GET /@/ui/css/bootstrap.min.css - per request factory created in 210,3 ms
2015-01-19 12:11:17,008 [qtp768298666-23 ] [          ] INFO  restx.StdRestxMainRouter - << [RESTX REQUEST] GET /sessions/current >> UNAUTHORIZED - 5,146 ms
2015-01-19 12:11:17,018 [qtp768298666-25 ] [          ] INFO  restx.StdRestxMainRouter - << [RESTX REQUEST] GET /@/pages >> UNAUTHORIZED - 1,509 ms
2015-01-19 12:11:29,810 [pool-2-thread-1 ] [          ] INFO  restx.classloader.CompilationManager - compilation finished: 5 sources compiled in 579,5 ms
2015-01-19 12:11:30,236 [qtp768298666-24 ] [          ] INFO  restx.StdRestxMainRouter - << [RESTX REQUEST] POST /sessions >> OK - 377,3 ms
2015-01-19 12:11:30,288 [pool-2-thread-1 ] [          ] INFO  restx.classloader.CompilationManager - compilation finished: 1 sources compiled in 263,1 ms
2015-01-19 12:11:30,585 [qtp768298666-25 ] [          ] INFO  restx.RestxMainRouterFactory - [RESTX REQUEST] GET /@/ui/js/admin.js - per request factory created in 207,4 ms
2015-01-19 12:11:30,590 [qtp768298666-27 ] [          ] INFO  restx.RestxMainRouterFactory - [RESTX REQUEST] GET /@/ui/css/bootstrap.min.css - per request factory created in 216,1 ms
2015-01-19 12:11:30,590 [qtp768298666-26 ] [          ] INFO  restx.RestxMainRouterFactory - [RESTX REQUEST] GET /@/ui/js/securityHandling.js - per request factory created in 213,9 ms
2015-01-19 12:11:30,595 [qtp768298666-28 ] [          ] INFO  restx.RestxMainRouterFactory - [RESTX REQUEST] GET /@/ui/css/admin.css - per request factory created in 218,8 ms
2015-01-19 12:11:30,932 [qtp768298666-24 ] [admin     ] INFO  restx.StdRestxMainRouter - << [RESTX REQUEST] GET /sessions/current >> OK - 4,065 ms
2015-01-19 12:11:30,938 [qtp768298666-25 ] [admin     ] INFO  restx.StdRestxMainRouter - << [RESTX REQUEST] GET /@/pages >> OK - 3,728 ms
2015-01-19 12:11:42,480 [qtp768298666-27 ] [admin     ] INFO  restx.StdRestxMainRouter - << [RESTX REQUEST] GET /sessions/current >> OK - 3,396 ms
2015-01-19 12:11:42,487 [qtp768298666-24 ] [admin     ] INFO  restx.StdRestxMainRouter - << [RESTX REQUEST] GET /@/pages >> OK - 4,090 ms
2015-01-19 12:11:42,518 [qtp768298666-28 ] [admin     ] INFO  restx.StdRestxMainRouter - << [RESTX REQUEST] GET /@/config/elements >> OK - 30,77 ms
2015-01-19 12:11:42,547 [qtp768298666-30 ] [admin     ] INFO  restx.StdRestxMainRouter - << [RESTX REQUEST] GET /@/pages >> OK - 2,119 ms
2015-01-19 12:11:42,548 [qtp768298666-25 ] [admin     ] INFO  restx.StdRestxMainRouter - << [RESTX REQUEST] GET /sessions/current >> OK - 1,912 ms
2015-01-19 12:11:47,815 [qtp768298666-28 ] [admin     ] INFO  restx.StdRestxMainRouter - << [RESTX REQUEST] GET /sessions/current >> OK - 1,518 ms
2015-01-19 12:11:47,821 [qtp768298666-24 ] [admin     ] INFO  restx.StdRestxMainRouter - << [RESTX REQUEST] GET /@/pages >> OK - 1,486 ms
2015-01-19 12:11:49,798 [qtp768298666-25 ] [admin     ] INFO  restx.StdRestxMainRouter - << [RESTX REQUEST] GET /sessions/current >> OK - 2,275 ms
2015-01-19 12:11:49,799 [qtp768298666-24 ] [admin     ] INFO  restx.StdRestxMainRouter - << [RESTX REQUEST] GET /@/pages >> OK - 6,229 ms
2015-01-19 12:11:49,803 [qtp768298666-27 ] [admin     ] INFO  restx.StdRestxMainRouter - << [RESTX REQUEST] GET /@/errors/descriptors >> OK - 4,098 ms
2015-01-19 12:11:49,845 [qtp768298666-24 ] [admin     ] INFO  restx.StdRestxMainRouter - << [RESTX REQUEST] GET /@/pages >> OK - 1,846 ms
2015-01-19 12:11:49,850 [qtp768298666-30 ] [admin     ] INFO  restx.StdRestxMainRouter - << [RESTX REQUEST] GET /sessions/current >> OK - 1,579 ms
2015-01-19 12:11:54,034 [qtp768298666-27 ] [admin     ] INFO  restx.StdRestxMainRouter - << [RESTX REQUEST] GET /sessions/current >> OK - 2,238 ms
2015-01-19 12:11:54,039 [qtp768298666-28 ] [admin     ] INFO  restx.StdRestxMainRouter - << [RESTX REQUEST] GET /@/pages >> OK - 2,037 ms
2015-01-19 12:11:54,092 [qtp768298666-27 ] [admin     ] INFO  restx.StdRestxMainRouter - << [RESTX REQUEST] GET /sessions/current >> OK - 6,702 ms
2015-01-19 12:11:54,096 [qtp768298666-28 ] [admin     ] INFO  restx.StdRestxMainRouter - << [RESTX REQUEST] GET /@/pages >> OK - 3,113 ms
2015-01-19 12:11:54,838 [qtp768298666-30 ] [admin     ] INFO  restx.StdRestxMainRouter - << [RESTX REQUEST] GET /@/factory >> OK - 723,5 ms
2015-01-19 12:12:03,110 [qtp768298666-27 ] [admin     ] INFO  restx.StdRestxMainRouter - << [RESTX REQUEST] GET /sessions/current >> OK - 2,202 ms
2015-01-19 12:12:03,122 [qtp768298666-24 ] [admin     ] INFO  restx.StdRestxMainRouter - << [RESTX REQUEST] GET /@/pages >> OK - 3,223 ms
2015-01-19 12:12:03,155 [qtp768298666-27 ] [admin     ] INFO  restx.StdRestxMainRouter - << [RESTX REQUEST] GET /sessions/current >> OK - 2,029 ms
2015-01-19 12:12:03,165 [qtp768298666-24 ] [admin     ] INFO  restx.StdRestxMainRouter - << [RESTX REQUEST] GET /@/pages >> OK - 1,542 ms
2015-01-19 12:12:03,477 [qtp768298666-28 ] [admin     ] INFO  restx.StdRestxMainRouter - << [RESTX REQUEST] GET /@/monitor >> OK - 150,5 ms
2015-01-19 12:12:03,570 [qtp768298666-26 ] [admin     ] INFO  restx.StdRestxMainRouter - << [RESTX REQUEST] GET /@/metrics >> OK - 242,2 ms
2015-01-19 12:12:08,982 [qtp768298666-31 ] [admin     ] INFO  restx.StdRestxMainRouter - << [RESTX REQUEST] GET /@/pages >> OK - 3,353 ms
2015-01-19 12:12:08,982 [qtp768298666-24 ] [admin     ] INFO  restx.StdRestxMainRouter - << [RESTX REQUEST] GET /sessions/current >> OK - 5,152 ms
2015-01-19 12:12:12,205 [qtp768298666-30 ] [admin     ] INFO  restx.StdRestxMainRouter - << [RESTX REQUEST] GET /sessions/current >> OK - 3,230 ms
2015-01-19 12:12:12,206 [qtp768298666-31 ] [admin     ] INFO  restx.StdRestxMainRouter - << [RESTX REQUEST] GET /@/pages >> OK - 2,778 ms
2015-01-19 12:12:12,243 [qtp768298666-25 ] [admin     ] INFO  restx.StdRestxMainRouter - << [RESTX REQUEST] GET /@/pages >> OK - 1,935 ms
2015-01-19 12:12:12,261 [qtp768298666-26 ] [admin     ] INFO  restx.StdRestxMainRouter - << [RESTX REQUEST] GET /sessions/current >> OK - 2,162 ms
2015-01-19 12:12:12,287 [qtp768298666-24 ] [admin     ] INFO  restx.StdRestxMainRouter - << [RESTX REQUEST] GET /@/restx-stats >> OK - 1,768 ms
2015-01-19 12:12:35,759 [qtp768298666-28 ] [admin     ] INFO  restx.StdRestxMainRouter - << [RESTX REQUEST] GET /sessions/current >> OK - 6,309 ms
2015-01-19 12:12:35,760 [qtp768298666-30 ] [admin     ] INFO  restx.StdRestxMainRouter - << [RESTX REQUEST] GET /@/pages >> OK - 6,732 ms
2015-01-19 12:12:35,782 [qtp768298666-25 ] [admin     ] INFO  restx.StdRestxMainRouter - << [RESTX REQUEST] GET /@/errors/descriptors >> OK - 2,206 ms
2015-01-19 12:12:35,810 [qtp768298666-24 ] [admin     ] INFO  restx.StdRestxMainRouter - << [RESTX REQUEST] GET /sessions/current >> OK - 2,724 ms
2015-01-19 12:12:35,813 [qtp768298666-27 ] [admin     ] INFO  restx.StdRestxMainRouter - << [RESTX REQUEST] GET /@/pages >> OK - 1,419 ms
2015-01-19 12:12:40,119 [qtp768298666-27 ] [admin     ] INFO  restx.StdRestxMainRouter - << [RESTX REQUEST] GET /@/pages >> OK - 1,995 ms
2015-01-19 12:12:40,120 [qtp768298666-31 ] [admin     ] INFO  restx.StdRestxMainRouter - << [RESTX REQUEST] GET /sessions/current >> OK - 1,507 ms
2015-01-19 12:12:45,003 [qtp768298666-25 ] [admin     ] INFO  restx.StdRestxMainRouter - << [RESTX REQUEST] GET /sessions/current >> OK - 2,125 ms
2015-01-19 12:12:45,010 [qtp768298666-26 ] [admin     ] INFO  restx.StdRestxMainRouter - << [RESTX REQUEST] GET /@/pages >> OK - 1,637 ms
2015-01-19 12:12:45,043 [qtp768298666-25 ] [admin     ] INFO  restx.StdRestxMainRouter - << [RESTX REQUEST] GET /sessions/current >> OK - 2,365 ms
2015-01-19 12:12:45,056 [qtp768298666-27 ] [admin     ] INFO  restx.StdRestxMainRouter - << [RESTX REQUEST] GET /@/pages >> OK - 1,585 ms
2015-01-19 12:12:45,077 [qtp768298666-31 ] [admin     ] INFO  restx.StdRestxMainRouter - << [RESTX REQUEST] GET /@/logs >> OK - 6,807 ms
2015-01-19 12:12:48,544 [qtp768298666-26 ] [admin     ] INFO  restx.StdRestxMainRouter - << [RESTX REQUEST] GET /sessions/current >> OK - 1,507 ms
2015-01-19 12:12:48,545 [qtp768298666-31 ] [admin     ] INFO  restx.StdRestxMainRouter - << [RESTX REQUEST] GET /@/pages >> OK - 1,526 ms
2015-01-19 12:12:53,396 [qtp768298666-27 ] [admin     ] INFO  restx.StdRestxMainRouter - << [RESTX REQUEST] GET /@/ui/messages/ >> NOT_FOUND - 1,956 ms
2015-01-19 12:13:07,905 [qtp768298666-31 ] [admin     ] INFO  restx.StdRestxMainRouter - << [RESTX REQUEST] GET /@/pages >> OK - 1,954 ms
2015-01-19 12:13:07,911 [qtp768298666-27 ] [admin     ] INFO  restx.StdRestxMainRouter - << [RESTX REQUEST] GET /@/config/elements >> OK - 7,823 ms
2015-01-19 12:13:07,917 [qtp768298666-24 ] [admin     ] INFO  restx.StdRestxMainRouter - << [RESTX REQUEST] GET /sessions/current >> OK - 2,531 ms
2015-01-19 12:13:07,946 [qtp768298666-28 ] [admin     ] INFO  restx.StdRestxMainRouter - << [RESTX REQUEST] GET /@/pages >> OK - 1,465 ms
2015-01-19 12:13:08,054 [qtp768298666-25 ] [admin     ] INFO  restx.StdRestxMainRouter - << [RESTX REQUEST] GET /sessions/current >> OK - 1,851 ms
2015-01-19 12:13:09,808 [qtp768298666-31 ] [admin     ] INFO  restx.StdRestxMainRouter - << [RESTX REQUEST] GET /sessions/current >> OK - 1,891 ms
2015-01-19 12:13:09,814 [qtp768298666-28 ] [admin     ] INFO  restx.StdRestxMainRouter - << [RESTX REQUEST] GET /@/pages >> OK - 3,166 ms
2015-01-19 12:13:12,583 [qtp768298666-28 ] [admin     ] INFO  restx.StdRestxMainRouter - << [RESTX REQUEST] GET /sessions/current >> OK - 2,144 ms
2015-01-19 12:13:12,584 [qtp768298666-25 ] [admin     ] INFO  restx.StdRestxMainRouter - << [RESTX REQUEST] GET /@/pages >> OK - 1,832 ms
2015-01-19 12:13:12,643 [qtp768298666-28 ] [admin     ] INFO  restx.StdRestxMainRouter - << [RESTX REQUEST] GET /sessions/current >> OK - 1,863 ms
2015-01-19 12:13:12,649 [qtp768298666-33 ] [admin     ] INFO  restx.StdRestxMainRouter - << [RESTX REQUEST] GET /@/pages >> OK - 1,941 ms
2015-01-19 12:13:12,665 [qtp768298666-26 ] [admin     ] INFO  restx.StdRestxMainRouter - << [RESTX REQUEST] GET /@/api-docs >> OK - 3,998 ms
2015-01-19 12:13:12,823 [qtp768298666-25 ] [admin     ] INFO  restx.StdRestxMainRouter - << [RESTX REQUEST] GET /@/api-docs/mount-sources >> NOT_FOUND - 2,279 ms
2015-01-19 12:13:12,828 [qtp768298666-31 ] [admin     ] INFO  restx.StdRestxMainRouter - << [RESTX REQUEST] GET /@/api-docs/mount-resources >> NOT_FOUND - 2,455 ms
2015-01-19 12:13:12,871 [qtp768298666-27 ] [admin     ] INFO  restx.StdRestxMainRouter - << [RESTX REQUEST] GET /@/api-docs/json-schema >> OK - 12,47 ms
2015-01-19 12:13:12,873 [qtp768298666-24 ] [admin     ] INFO  restx.StdRestxMainRouter - << [RESTX REQUEST] GET /@/api-docs/hello >> OK - 62,01 ms
2015-01-19 12:13:12,881 [qtp768298666-28 ] [admin     ] INFO  restx.StdRestxMainRouter - << [RESTX REQUEST] GET /@/api-docs/specs >> OK - 17,69 ms
2015-01-19 12:13:12,910 [qtp768298666-32 ] [admin     ] INFO  restx.StdRestxMainRouter - << [RESTX REQUEST] GET /@/api-docs/admin-pages >> OK - 57,20 ms
2015-01-19 12:13:12,930 [qtp768298666-33 ] [admin     ] INFO  restx.StdRestxMainRouter - << [RESTX REQUEST] GET /@/api-docs/config >> OK - 16,57 ms
2015-01-19 12:13:12,933 [qtp768298666-31 ] [admin     ] INFO  restx.StdRestxMainRouter - << [RESTX REQUEST] GET /@/api-docs/messages >> OK - 10,48 ms
2015-01-19 12:13:13,004 [qtp768298666-24 ] [admin     ] INFO  restx.StdRestxMainRouter - << [RESTX REQUEST] GET /@/api-docs/log-admin >> OK - 12,06 ms
2015-01-19 12:13:13,027 [qtp768298666-28 ] [admin     ] INFO  restx.StdRestxMainRouter - << [RESTX REQUEST] GET /@/api-docs/metrics >> OK - 27,55 ms
2015-01-19 12:13:13,042 [qtp768298666-32 ] [admin     ] INFO  restx.StdRestxMainRouter - << [RESTX REQUEST] GET /@/api-docs/monitor >> OK - 9,292 ms
2015-01-19 12:13:13,047 [qtp768298666-27 ] [admin     ] INFO  restx.StdRestxMainRouter - << [RESTX REQUEST] GET /@/api-docs/messages-admin >> OK - 71,48 ms
2015-01-19 12:13:13,064 [qtp768298666-31 ] [admin     ] INFO  restx.StdRestxMainRouter - << [RESTX REQUEST] GET /@/api-docs/spec-recorder-route >> NOT_FOUND - 2,830 ms
2015-01-19 12:13:13,066 [qtp768298666-33 ] [admin     ] INFO  restx.StdRestxMainRouter - << [RESTX REQUEST] GET /@/api-docs/sessions >> OK - 34,87 ms
2015-01-19 12:13:13,109 [qtp768298666-28 ] [admin     ] INFO  restx.StdRestxMainRouter - << [RESTX REQUEST] GET /@/api-docs/session >> OK - 16,61 ms
2015-01-19 12:13:13,120 [qtp768298666-24 ] [admin     ] INFO  restx.StdRestxMainRouter - << [RESTX REQUEST] GET /@/api-docs/restx-stats >> OK - 9,728 ms
2015-01-19 12:13:47,837 [qtp768298666-24 ] [admin     ] INFO  restx.StdRestxMainRouter - << [RESTX REQUEST] GET /@/api-docs >> OK - 2,085 ms
2015-01-19 12:13:47,851 [qtp768298666-25 ] [admin     ] INFO  restx.StdRestxMainRouter - << [RESTX REQUEST] GET /@/api-docs/session >> OK - 12,10 ms
2015-01-19 12:13:47,901 [qtp768298666-26 ] [admin     ] INFO  restx.StdRestxMainRouter - << [RESTX REQUEST] GET /@/api-docs/notes/restx.security.SessionResource.notes.json >> NOT_FOUND - 2,606 ms
2015-01-19 12:13:47,915 [qtp768298666-32 ] [admin     ] INFO  restx.StdRestxMainRouter - << [RESTX REQUEST] GET /@/specs ? path=/sessions/current&httpMethod=GET >> OK - 19,76 ms
2015-01-19 12:14:02,788 [qtp768298666-24 ] [          ] INFO  r.security.RestxSessionCookieFilter - restx-admin sudoing request with { "principal": "scv" }
2015-01-19 12:14:02,788 [qtp768298666-24 ] [          ] INFO  restx.StdRestxMainRouter - << [RESTX REQUEST] GET /sessions/current >> UNAUTHORIZED - 1,722 ms
2015-01-19 12:14:49,814 [qtp768298666-27 ] [admin     ] INFO  restx.StdRestxMainRouter - << [RESTX REQUEST] GET /sessions/current >> OK - 1,489 ms
2015-01-19 12:14:49,814 [qtp768298666-26 ] [admin     ] INFO  restx.StdRestxMainRouter - << [RESTX REQUEST] GET /@/pages >> OK - 2,347 ms
2015-01-19 12:14:49,982 [qtp768298666-33 ] [admin     ] INFO  restx.StdRestxMainRouter - << [RESTX REQUEST] GET /@/api-docs >> OK - 2,852 ms
2015-01-19 12:14:49,987 [qtp768298666-31 ] [admin     ] INFO  restx.StdRestxMainRouter - << [RESTX REQUEST] GET /@/api-docs/session >> OK - 9,471 ms
2015-01-19 12:14:50,089 [qtp768298666-25 ] [admin     ] INFO  restx.StdRestxMainRouter - << [RESTX REQUEST] GET /@/api-docs/notes/restx.security.SessionResource.notes.json >> NOT_FOUND - 2,232 ms
2015-01-19 12:14:50,098 [qtp768298666-26 ] [admin     ] INFO  restx.StdRestxMainRouter - << [RESTX REQUEST] GET /@/specs ? path=/sessions/current&httpMethod=GET >> OK - 10,29 ms
2015-01-19 12:14:51,678 [qtp768298666-25 ] [admin     ] INFO  restx.StdRestxMainRouter - << [RESTX REQUEST] GET /@/api-docs >> OK - 2,556 ms
2015-01-19 12:14:51,773 [qtp768298666-33 ] [admin     ] INFO  restx.StdRestxMainRouter - << [RESTX REQUEST] GET /@/api-docs/mount-sources >> NOT_FOUND - 2,365 ms
2015-01-19 12:14:51,811 [qtp768298666-27 ] [admin     ] INFO  restx.StdRestxMainRouter - << [RESTX REQUEST] GET /@/api-docs/mount-resources >> NOT_FOUND - 2,645 ms
2015-01-19 12:14:51,832 [qtp768298666-25 ] [admin     ] INFO  restx.StdRestxMainRouter - << [RESTX REQUEST] GET /@/api-docs/specs >> OK - 18,37 ms
2015-01-19 12:14:51,832 [qtp768298666-31 ] [admin     ] INFO  restx.StdRestxMainRouter - << [RESTX REQUEST] GET /@/api-docs/json-schema >> OK - 9,472 ms
2015-01-19 12:14:51,842 [qtp768298666-24 ] [admin     ] INFO  restx.StdRestxMainRouter - << [RESTX REQUEST] GET /@/api-docs/admin-pages >> OK - 8,935 ms
2015-01-19 12:14:51,856 [qtp768298666-26 ] [admin     ] INFO  restx.StdRestxMainRouter - << [RESTX REQUEST] GET /@/api-docs/hello >> OK - 11,64 ms
2015-01-19 12:14:51,889 [qtp768298666-33 ] [admin     ] INFO  restx.StdRestxMainRouter - << [RESTX REQUEST] GET /@/api-docs/config >> OK - 13,89 ms
2015-01-19 12:14:51,949 [qtp768298666-27 ] [admin     ] INFO  restx.StdRestxMainRouter - << [RESTX REQUEST] GET /@/api-docs/messages >> OK - 13,30 ms
2015-01-19 12:14:51,953 [qtp768298666-31 ] [admin     ] INFO  restx.StdRestxMainRouter - << [RESTX REQUEST] GET /@/api-docs/log-admin >> OK - 21,92 ms
2015-01-19 12:14:51,956 [qtp768298666-24 ] [admin     ] INFO  restx.StdRestxMainRouter - << [RESTX REQUEST] GET /@/api-docs/metrics >> OK - 19,49 ms
2015-01-19 12:14:51,982 [qtp768298666-33 ] [admin     ] INFO  restx.StdRestxMainRouter - << [RESTX REQUEST] GET /@/api-docs/sessions >> OK - 28,59 ms
2015-01-19 12:14:52,020 [qtp768298666-26 ] [admin     ] INFO  restx.StdRestxMainRouter - << [RESTX REQUEST] GET /@/api-docs/monitor >> OK - 3,725 ms
2015-01-19 12:14:52,037 [qtp768298666-25 ] [          ] INFO  restx.RestxMainRouterFactory - [RESTX REQUEST] GET /@/api-docs/messages-admin - per request factory created in 204,0 ms
2015-01-19 12:14:52,048 [qtp768298666-27 ] [admin     ] INFO  restx.StdRestxMainRouter - << [RESTX REQUEST] GET /@/api-docs/spec-recorder-route >> NOT_FOUND - 4,186 ms
2015-01-19 12:14:52,055 [qtp768298666-25 ] [admin     ] INFO  restx.StdRestxMainRouter - << [RESTX REQUEST] GET /@/api-docs/messages-admin >> OK - 17,44 ms
2015-01-19 12:14:52,058 [qtp768298666-24 ] [admin     ] INFO  restx.StdRestxMainRouter - << [RESTX REQUEST] GET /@/api-docs/session >> OK - 15,49 ms
2015-01-19 12:14:52,064 [qtp768298666-31 ] [admin     ] INFO  restx.StdRestxMainRouter - << [RESTX REQUEST] GET /@/api-docs/restx-stats >> OK - 13,33 ms
2015-01-19 12:14:55,437 [qtp768298666-33 ] [admin     ] INFO  restx.StdRestxMainRouter - << [RESTX REQUEST] GET /@/api-docs >> OK - 2,974 ms
2015-01-19 12:14:55,443 [qtp768298666-26 ] [admin     ] INFO  restx.StdRestxMainRouter - << [RESTX REQUEST] GET /@/api-docs/hello >> OK - 9,089 ms
2015-01-19 12:14:55,533 [qtp768298666-25 ] [admin     ] INFO  restx.StdRestxMainRouter - << [RESTX REQUEST] GET /@/specs ? path=/hello&httpMethod=GET >> OK - 11,12 ms
2015-01-19 12:15:07,685 [qtp768298666-33 ] [admin     ] INFO  restx.StdRestxMainRouter - << [RESTX REQUEST] GET /hello ? who=karl >> OK - 5,286 ms
2015-01-19 12:17:19,445 [pool-2-thread-1 ] [          ] INFO  restx.classloader.CompilationManager - compilation finished: 5 sources compiled in 796,0 ms
2015-01-19 12:17:19,871 [pool-2-thread-1 ] [          ] INFO  restx.classloader.CompilationManager - compilation finished: 1 sources compiled in 268,7 ms
2015-01-19 12:17:40,823 [qtp768298666-27 ] [admin     ] INFO  restx.StdRestxMainRouter - << [RESTX REQUEST] GET /@/api-docs >> OK - 6,248 ms
2015-01-19 12:17:40,940 [qtp768298666-24 ] [admin     ] INFO  restx.StdRestxMainRouter - << [RESTX REQUEST] GET /@/api-docs/hello >> OK - 9,869 ms
2015-01-19 12:17:40,942 [qtp768298666-27 ] [admin     ] INFO  restx.StdRestxMainRouter - << [RESTX REQUEST] GET /@/api-docs/mount-sources >> NOT_FOUND - 2,663 ms
2015-01-19 12:17:40,944 [qtp768298666-25 ] [admin     ] INFO  restx.StdRestxMainRouter - << [RESTX REQUEST] GET /@/api-docs/mount-resources >> NOT_FOUND - 2,153 ms
2015-01-19 12:17:41,001 [qtp768298666-34 ] [admin     ] INFO  restx.StdRestxMainRouter - << [RESTX REQUEST] GET /@/api-docs/admin-pages >> OK - 10,43 ms
2015-01-19 12:17:41,045 [qtp768298666-35 ] [admin     ] INFO  restx.StdRestxMainRouter - << [RESTX REQUEST] GET /@/api-docs/json-schema >> OK - 18,94 ms
2015-01-19 12:17:41,050 [qtp768298666-24 ] [admin     ] INFO  restx.StdRestxMainRouter - << [RESTX REQUEST] GET /@/api-docs/config >> OK - 25,03 ms
2015-01-19 12:17:41,081 [qtp768298666-27 ] [admin     ] INFO  restx.StdRestxMainRouter - << [RESTX REQUEST] GET /@/api-docs/messages >> OK - 69,52 ms
2015-01-19 12:17:41,099 [qtp768298666-25 ] [admin     ] INFO  restx.StdRestxMainRouter - << [RESTX REQUEST] GET /@/api-docs/messages-admin >> OK - 59,61 ms
2015-01-19 12:17:41,129 [qtp768298666-34 ] [admin     ] INFO  restx.StdRestxMainRouter - << [RESTX REQUEST] GET /@/api-docs/log-admin >> OK - 10,95 ms
2015-01-19 12:17:41,160 [qtp768298666-27 ] [admin     ] INFO  restx.StdRestxMainRouter - << [RESTX REQUEST] GET /@/api-docs/sessions >> OK - 10,02 ms
2015-01-19 12:17:41,191 [qtp768298666-25 ] [admin     ] INFO  restx.StdRestxMainRouter - << [RESTX REQUEST] GET /@/api-docs/spec-recorder-route >> NOT_FOUND - 2,556 ms
2015-01-19 12:17:41,195 [qtp768298666-35 ] [admin     ] INFO  restx.StdRestxMainRouter - << [RESTX REQUEST] GET /@/api-docs/metrics >> OK - 45,17 ms
2015-01-19 12:17:41,213 [qtp768298666-24 ] [admin     ] INFO  restx.StdRestxMainRouter - << [RESTX REQUEST] GET /@/api-docs/monitor >> OK - 33,86 ms
2015-01-19 12:17:41,250 [qtp768298666-34 ] [admin     ] INFO  restx.StdRestxMainRouter - << [RESTX REQUEST] GET /@/api-docs/restx-stats >> OK - 8,745 ms
2015-01-19 12:17:41,265 [qtp768298666-27 ] [admin     ] INFO  restx.StdRestxMainRouter - << [RESTX REQUEST] GET /@/api-docs/session >> OK - 11,16 ms
2015-01-19 12:17:41,265 [qtp768298666-25 ] [admin     ] INFO  restx.StdRestxMainRouter - << [RESTX REQUEST] GET /@/api-docs/specs >> OK - 7,388 ms
2015-01-19 12:17:44,930 [qtp768298666-36 ] [admin     ] INFO  restx.StdRestxMainRouter - << [RESTX REQUEST] GET /@/api-docs >> OK - 2,036 ms
2015-01-19 12:17:44,935 [qtp768298666-35 ] [admin     ] INFO  restx.StdRestxMainRouter - << [RESTX REQUEST] GET /@/api-docs/hello >> OK - 7,476 ms
2015-01-19 12:17:45,033 [qtp768298666-34 ] [admin     ] INFO  restx.StdRestxMainRouter - << [RESTX REQUEST] GET /@/specs ? path=/query&httpMethod=GET >> OK - 12,33 ms
2015-01-19 12:17:52,510 [qtp768298666-24 ] [admin     ] INFO  restx.StdRestxMainRouter - << [RESTX REQUEST] GET /query ? who=walter >> OK - 2,876 ms
2015-01-19 12:20:23,731 [qtp768298666-36 ] [admin     ] INFO  restx.StdRestxMainRouter - << [RESTX REQUEST] DELETE /sessions/current >> OK - 2,247 ms
2015-01-19 12:20:23,811 [qtp768298666-24 ] [          ] INFO  restx.StdRestxMainRouter - << [RESTX REQUEST] GET /@/api-docs >> OK - 1,360 ms
2015-01-19 12:20:24,455 [qtp768298666-25 ] [          ] INFO  restx.StdRestxMainRouter - << [RESTX REQUEST] GET /@/pages >> UNAUTHORIZED - 554,8 μs
2015-01-19 12:20:24,468 [qtp768298666-24 ] [          ] INFO  restx.StdRestxMainRouter - << [RESTX REQUEST] GET /sessions/current >> UNAUTHORIZED - 745,5 μs
2015-01-19 12:20:24,498 [qtp768298666-36 ] [          ] INFO  restx.StdRestxMainRouter - << [RESTX REQUEST] GET /@/pages >> UNAUTHORIZED - 613,8 μs
2015-01-19 12:20:42,168 [qtp768298666-38 ] [          ] INFO  restx.StdRestxMainRouter - << [RESTX REQUEST] POST /sessions >> OK - 372,0 ms
2015-01-19 12:20:42,707 [qtp768298666-37 ] [user1     ] INFO  restx.StdRestxMainRouter - << [RESTX REQUEST] GET /@/pages >> FORBIDDEN - 1,439 ms
2015-01-19 12:20:42,707 [qtp768298666-25 ] [user1     ] INFO  restx.StdRestxMainRouter - << [RESTX REQUEST] GET /sessions/current >> OK - 5,045 ms
2015-01-19 12:20:42,755 [qtp768298666-38 ] [user1     ] INFO  restx.StdRestxMainRouter - << [RESTX REQUEST] GET /sessions/current >> OK - 2,084 ms
2015-01-19 12:20:42,762 [qtp768298666-40 ] [user1     ] INFO  restx.StdRestxMainRouter - << [RESTX REQUEST] GET /@/pages >> FORBIDDEN - 1,776 ms
2015-01-19 12:20:54,214 [qtp768298666-37 ] [user1     ] INFO  restx.StdRestxMainRouter - << [RESTX REQUEST] POST /sessions >> UNAUTHORIZED - 20,34 ms
2015-01-19 12:21:26,076 [qtp768298666-41 ] [user1     ] INFO  restx.StdRestxMainRouter - << [RESTX REQUEST] POST /sessions >> UNAUTHORIZED - 22,20 ms
2015-01-19 12:21:35,555 [qtp768298666-24 ] [user1     ] INFO  restx.StdRestxMainRouter - << [RESTX REQUEST] POST /sessions >> UNAUTHORIZED - 25,75 ms
2015-01-19 12:21:39,667 [qtp768298666-38 ] [user1     ] INFO  restx.StdRestxMainRouter - << [RESTX REQUEST] POST /sessions >> UNAUTHORIZED - 12,26 ms
2015-01-19 12:21:54,588 [qtp768298666-36 ] [user1     ] INFO  restx.StdRestxMainRouter - << [RESTX REQUEST] POST /sessions >> UNAUTHORIZED - 16,71 ms
2015-01-19 12:22:03,244 [qtp768298666-25 ] [user1     ] INFO  restx.StdRestxMainRouter - << [RESTX REQUEST] GET /@/ui/get >> NOT_FOUND - 2,029 ms
2015-01-19 12:22:12,942 [qtp768298666-24 ] [          ] INFO  restx.StdRestxMainRouter - << [RESTX REQUEST] GET / >> NOT_FOUND - 533,8 μs
2015-01-19 12:31:37,544 [pool-4-thread-1 ] [          ] INFO  restx.classloader.CompilationManager - classpath resource updated: com\formulasearchengine\backend\AppModule.java___jb_bak___
2015-01-19 12:31:38,116 [pool-2-thread-1 ] [          ] INFO  restx.classloader.CompilationManager - compilation finished: 5 sources compiled in 478,1 ms
2015-01-19 12:31:38,235 [pool-5-thread-1 ] [          ] INFO  restx.classloader.CompilationManager - classpath resource updated: logback.xml
2015-01-19 12:31:38,235 [pool-5-thread-1 ] [          ] INFO  restx.classloader.CompilationManager - classpath resource updated: logback.xml
2015-01-19 12:31:38,236 [pool-5-thread-1 ] [          ] INFO  restx.classloader.CompilationManager - classpath resource updated: logback.xml
2015-01-19 12:31:38,597 [pool-2-thread-1 ] [          ] INFO  restx.classloader.CompilationManager - compilation finished: 5 sources compiled in 344,1 ms
2015-01-19 12:31:39,151 [pool-2-thread-1 ] [          ] INFO  restx.classloader.CompilationManager - compilation finished: 5 sources compiled in 407,8 ms
2015-01-19 12:31:39,654 [pool-2-thread-1 ] [          ] INFO  restx.classloader.CompilationManager - compilation finished: 5 sources compiled in 391,7 ms
2015-01-19 12:31:40,097 [pool-2-thread-1 ] [          ] INFO  restx.classloader.CompilationManager - compilation finished: 5 sources compiled in 317,7 ms
2015-01-19 12:31:40,271 [pool-2-thread-1 ] [          ] INFO  restx.classloader.CompilationManager - compilation finished: 1 sources compiled in 45,95 ms
2015-01-19 12:33:33,432 [pool-5-thread-1 ] [          ] INFO  restx.classloader.CompilationManager - classpath resource updated: com\formulasearchengine\basex\backend\settings.properties
2015-01-19 12:33:33,642 [pool-2-thread-1 ] [          ] INFO  restx.classloader.CompilationManager - compilation finished: 1 sources compiled in 248,3 ms
2015-01-19 12:33:33,822 [pool-2-thread-1 ] [          ] INFO  restx.classloader.CompilationManager - compilation finished: 2 sources compiled in 77,39 ms
2015-01-19 12:33:34,762 [pool-2-thread-1 ] [          ] INFO  restx.classloader.CompilationManager - compilation finished: 1 sources compiled in 82,51 ms
2015-01-19 12:33:36,108 [pool-2-thread-1 ] [          ] INFO  restx.classloader.CompilationManager - compilation finished: 1 sources compiled in 61,43 ms
2015-01-19 12:33:37,250 [pool-2-thread-1 ] [          ] INFO  restx.classloader.CompilationManager - compilation finished: 5 sources compiled in 1,041 s
2015-01-19 12:33:38,148 [pool-2-thread-1 ] [          ] INFO  restx.classloader.CompilationManager - compilation finished: 5 sources compiled in 609,5 ms
2015-01-19 12:33:38,634 [pool-2-thread-1 ] [          ] INFO  restx.classloader.CompilationManager - compilation finished: 5 sources compiled in 292,8 ms
2015-01-19 12:33:39,003 [pool-2-thread-1 ] [          ] INFO  restx.classloader.CompilationManager - compilation finished: 5 sources compiled in 278,7 ms
2015-01-19 12:33:39,277 [pool-2-thread-1 ] [          ] INFO  restx.classloader.CompilationManager - compilation finished: 1 sources compiled in 139,1 ms
2015-01-19 12:35:27,667 [main            ] [          ] INFO  org.eclipse.jetty.server.Server - jetty-8.1.8.v20121106
2015-01-19 12:35:27,900 [main            ] [          ] INFO  restx.RestxMainRouterFactory - LOADING MAIN ROUTER
2015-01-19 12:35:27,901 [main            ] [          ] INFO  restx.RestxMainRouterFactory - 
--------------------------------------
 -- RESTX >> LOAD ON REQUEST << >> CLEAN << >> TEST MODE <<
 -- for admin console,
 --   VISIT http://127.0.0.1:56810/api/@/ui/
 --

2015-01-19 12:35:28,814 [qtp388177239-14 ] [          ] INFO  restx.stats.RestxStatsCollector - collecting and sharing stats enabled - see http://restx.io/stats.html for details.
2015-01-19 12:35:28,902 [qtp388177239-14 ] [          ] INFO  o.h.validator.internal.util.Version - HV000001: Hibernate Validator 5.0.1.Final
2015-01-19 12:35:28,989 [qtp388177239-14 ] [          ] INFO  restx.RestxMainRouterFactory - [RESTX REQUEST] GET /hello ? who=xavier - per request factory created in 886,8 ms
2015-01-19 12:35:29,000 [qtp388177239-14 ] [          ] INFO  restx.StdRestxMainRouter - << [RESTX REQUEST] GET /hello ? who=xavier >> OK - 10,57 ms
2015-01-19 12:35:29,327 [qtp388177239-14 ] [          ] INFO  restx.stats.RestxStatsCollector - collecting and sharing stats enabled - see http://restx.io/stats.html for details.
2015-01-19 12:35:29,365 [qtp388177239-14 ] [          ] INFO  restx.RestxMainRouterFactory - [RESTX REQUEST] GET /message - per request factory created in 237,7 ms
2015-01-19 12:35:29,392 [qtp388177239-14 ] [admin     ] INFO  restx.StdRestxMainRouter - << [RESTX REQUEST] GET /message >> OK - 26,43 ms
2015-01-19 12:35:29,711 [qtp388177239-14 ] [          ] INFO  restx.stats.RestxStatsCollector - collecting and sharing stats enabled - see http://restx.io/stats.html for details.
2015-01-19 12:35:29,746 [qtp388177239-14 ] [          ] INFO  restx.RestxMainRouterFactory - [RESTX REQUEST] GET /message - per request factory created in 227,1 ms
2015-01-19 12:35:29,759 [qtp388177239-14 ] [user1     ] INFO  restx.StdRestxMainRouter - << [RESTX REQUEST] GET /message >> OK - 12,03 ms
2015-01-19 12:35:30,077 [qtp388177239-14 ] [          ] INFO  restx.stats.RestxStatsCollector - collecting and sharing stats enabled - see http://restx.io/stats.html for details.
2015-01-19 12:35:30,120 [qtp388177239-14 ] [          ] INFO  restx.RestxMainRouterFactory - [RESTX REQUEST] GET /message - per request factory created in 225,2 ms
2015-01-19 12:35:30,131 [qtp388177239-14 ] [user2     ] INFO  restx.StdRestxMainRouter - << [RESTX REQUEST] GET /message >> FORBIDDEN - 10,77 ms
2015-01-19 12:37:58,393 [pool-5-thread-1 ] [          ] INFO  restx.classloader.CompilationManager - classpath resource updated: com\formulasearchengine\backend\basex\restd\settings.properties
2015-01-19 12:37:58,554 [pool-2-thread-1 ] [          ] INFO  restx.classloader.CompilationManager - compilation finished: 1 sources compiled in 195,3 ms
2015-01-19 12:37:58,752 [pool-2-thread-1 ] [          ] INFO  restx.classloader.CompilationManager - compilation finished: 2 sources compiled in 65,76 ms
2015-01-19 12:38:00,042 [pool-2-thread-1 ] [          ] INFO  restx.classloader.CompilationManager - compilation finished: 1 sources compiled in 873,1 ms
2015-01-19 12:38:00,402 [pool-2-thread-1 ] [          ] INFO  restx.classloader.CompilationManager - compilation finished: 1 sources compiled in 227,8 ms
2015-01-19 12:38:02,023 [pool-2-thread-1 ] [          ] INFO  restx.classloader.CompilationManager - compilation finished: 5 sources compiled in 1,089 s
2015-01-19 12:38:02,601 [pool-2-thread-1 ] [          ] INFO  restx.classloader.CompilationManager - compilation finished: 5 sources compiled in 398,3 ms
2015-01-19 12:38:03,011 [pool-2-thread-1 ] [          ] INFO  restx.classloader.CompilationManager - compilation finished: 5 sources compiled in 294,6 ms
2015-01-19 12:38:03,395 [pool-2-thread-1 ] [          ] INFO  restx.classloader.CompilationManager - compilation finished: 5 sources compiled in 280,0 ms
2015-01-19 12:38:03,775 [pool-2-thread-1 ] [          ] INFO  restx.classloader.CompilationManager - compilation finished: 5 sources compiled in 288,4 ms
2015-01-19 12:38:04,054 [pool-2-thread-1 ] [          ] INFO  restx.classloader.CompilationManager - compilation finished: 1 sources compiled in 123,0 ms
2015-01-19 12:38:34,186 [main            ] [          ] INFO  org.eclipse.jetty.server.Server - jetty-8.1.8.v20121106
2015-01-19 12:38:34,411 [main            ] [          ] INFO  restx.RestxMainRouterFactory - LOADING MAIN ROUTER
2015-01-19 12:38:34,411 [main            ] [          ] INFO  restx.RestxMainRouterFactory - 
--------------------------------------
 -- RESTX >> LOAD ON REQUEST << >> CLEAN << >> TEST MODE <<
 -- for admin console,
 --   VISIT http://127.0.0.1:56843/api/@/ui/
 --

2015-01-19 12:38:35,183 [qtp1883408235-14] [          ] INFO  restx.stats.RestxStatsCollector - collecting and sharing stats enabled - see http://restx.io/stats.html for details.
2015-01-19 12:38:35,274 [qtp1883408235-14] [          ] INFO  o.h.validator.internal.util.Version - HV000001: Hibernate Validator 5.0.1.Final
2015-01-19 12:38:35,370 [qtp1883408235-14] [          ] INFO  restx.RestxMainRouterFactory - [RESTX REQUEST] GET /hello ? who=xavier - per request factory created in 774,3 ms
2015-01-19 12:38:35,382 [qtp1883408235-14] [          ] INFO  restx.StdRestxMainRouter - << [RESTX REQUEST] GET /hello ? who=xavier >> OK - 11,02 ms
2015-01-19 12:38:35,721 [qtp1883408235-14] [          ] INFO  restx.stats.RestxStatsCollector - collecting and sharing stats enabled - see http://restx.io/stats.html for details.
2015-01-19 12:38:35,758 [qtp1883408235-14] [          ] INFO  restx.RestxMainRouterFactory - [RESTX REQUEST] GET /message - per request factory created in 248,2 ms
2015-01-19 12:38:35,784 [qtp1883408235-14] [admin     ] INFO  restx.StdRestxMainRouter - << [RESTX REQUEST] GET /message >> OK - 25,93 ms
2015-01-19 12:38:36,106 [qtp1883408235-14] [          ] INFO  restx.stats.RestxStatsCollector - collecting and sharing stats enabled - see http://restx.io/stats.html for details.
2015-01-19 12:38:36,139 [qtp1883408235-14] [          ] INFO  restx.RestxMainRouterFactory - [RESTX REQUEST] GET /message - per request factory created in 230,8 ms
2015-01-19 12:38:36,152 [qtp1883408235-14] [user1     ] INFO  restx.StdRestxMainRouter - << [RESTX REQUEST] GET /message >> OK - 11,42 ms
2015-01-19 12:38:36,475 [qtp1883408235-14] [          ] INFO  restx.stats.RestxStatsCollector - collecting and sharing stats enabled - see http://restx.io/stats.html for details.
2015-01-19 12:38:36,515 [qtp1883408235-14] [          ] INFO  restx.RestxMainRouterFactory - [RESTX REQUEST] GET /message - per request factory created in 234,3 ms
2015-01-19 12:38:36,532 [qtp1883408235-14] [user2     ] INFO  restx.StdRestxMainRouter - << [RESTX REQUEST] GET /message >> FORBIDDEN - 17,25 ms
2015-01-19 13:05:57,386 [main            ] [          ] INFO  org.eclipse.jetty.server.Server - jetty-8.1.8.v20121106
2015-01-19 13:05:58,328 [main            ] [          ] INFO  restx.RestxMainRouterFactory - LOADING MAIN ROUTER
2015-01-19 13:05:58,328 [main            ] [          ] INFO  restx.RestxMainRouterFactory - 
--------------------------------------
 -- RESTX >> LOAD ON REQUEST << >> DEV MODE << >> AUTO COMPILE <<
 -- for admin console,
 --   VISIT http://127.0.0.1:10043/api/@/ui/
 --

2015-01-19 13:05:59,761 [pool-1-thread-1 ] [          ] INFO  restx.classloader.CompilationManager - compilation finished: 5 sources compiled in 1,245 s
2015-01-19 13:06:00,288 [main            ] [          ] INFO  restx.classloader.CompilationManager - watching for changes in [src\main\java, src\main\resources]; current location is C:\data\xquerybenchmark\lib\fse-backend-restd\.
2015-01-19 13:06:00,682 [main            ] [          ] INFO  restx.monitor.MetricsConfiguration - registering Metrics JVM metrics
2015-01-19 13:06:00,720 [main            ] [          ] INFO  restx.stats.RestxStatsCollector - collecting and sharing stats enabled - see http://restx.io/stats.html for details.
2015-01-19 13:12:48,925 [main            ] [          ] INFO  org.eclipse.jetty.server.Server - jetty-8.1.8.v20121106
2015-01-19 13:12:49,290 [main            ] [          ] INFO  restx.RestxMainRouterFactory - LOADING MAIN ROUTER
2015-01-19 13:12:49,291 [main            ] [          ] INFO  restx.RestxMainRouterFactory - 
--------------------------------------
 -- RESTX >> LOAD ON REQUEST << >> CLEAN << >> TEST MODE <<
 -- for admin console,
 --   VISIT http://127.0.0.1:57294/api/@/ui/
 --

2015-01-19 13:12:50,115 [qtp1883408235-14] [          ] INFO  restx.stats.RestxStatsCollector - collecting and sharing stats enabled - see http://restx.io/stats.html for details.
2015-01-19 13:12:50,198 [qtp1883408235-14] [          ] INFO  o.h.validator.internal.util.Version - HV000001: Hibernate Validator 5.0.1.Final
2015-01-19 13:12:50,287 [qtp1883408235-14] [          ] INFO  restx.RestxMainRouterFactory - [RESTX REQUEST] GET /hello ? who=xavier - per request factory created in 771,5 ms
2015-01-19 13:12:50,299 [qtp1883408235-14] [          ] INFO  restx.StdRestxMainRouter - << [RESTX REQUEST] GET /hello ? who=xavier >> OK - 11,62 ms
2015-01-19 13:12:50,641 [qtp1883408235-14] [          ] INFO  restx.stats.RestxStatsCollector - collecting and sharing stats enabled - see http://restx.io/stats.html for details.
2015-01-19 13:12:50,680 [qtp1883408235-14] [          ] INFO  restx.RestxMainRouterFactory - [RESTX REQUEST] GET /message - per request factory created in 254,2 ms
2015-01-19 13:12:50,706 [qtp1883408235-14] [admin     ] INFO  restx.StdRestxMainRouter - << [RESTX REQUEST] GET /message >> OK - 25,18 ms
2015-01-19 13:12:51,036 [qtp1883408235-14] [          ] INFO  restx.stats.RestxStatsCollector - collecting and sharing stats enabled - see http://restx.io/stats.html for details.
2015-01-19 13:12:51,078 [qtp1883408235-14] [          ] INFO  restx.RestxMainRouterFactory - [RESTX REQUEST] GET /message - per request factory created in 236,0 ms
2015-01-19 13:12:51,092 [qtp1883408235-14] [user1     ] INFO  restx.StdRestxMainRouter - << [RESTX REQUEST] GET /message >> OK - 13,17 ms
2015-01-19 13:12:51,399 [qtp1883408235-14] [          ] INFO  restx.stats.RestxStatsCollector - collecting and sharing stats enabled - see http://restx.io/stats.html for details.
2015-01-19 13:12:51,449 [qtp1883408235-14] [          ] INFO  restx.RestxMainRouterFactory - [RESTX REQUEST] GET /message - per request factory created in 233,4 ms
2015-01-19 13:12:51,465 [qtp1883408235-14] [user2     ] INFO  restx.StdRestxMainRouter - << [RESTX REQUEST] GET /message >> FORBIDDEN - 15,81 ms
2015-01-19 13:13:12,468 [main            ] [          ] INFO  org.eclipse.jetty.server.Server - jetty-8.1.8.v20121106
2015-01-19 13:13:12,843 [main            ] [          ] INFO  restx.RestxMainRouterFactory - LOADING MAIN ROUTER
2015-01-19 13:13:12,844 [main            ] [          ] INFO  restx.RestxMainRouterFactory - 
--------------------------------------
 -- RESTX >> LOAD ON REQUEST << >> CLEAN << >> TEST MODE <<
 -- for admin console,
 --   VISIT http://127.0.0.1:57307/api/@/ui/
 --

2015-01-19 13:13:13,694 [qtp39536287-14  ] [          ] INFO  restx.stats.RestxStatsCollector - collecting and sharing stats enabled - see http://restx.io/stats.html for details.
2015-01-19 13:13:13,774 [qtp39536287-14  ] [          ] INFO  o.h.validator.internal.util.Version - HV000001: Hibernate Validator 5.0.1.Final
2015-01-19 13:13:13,860 [qtp39536287-14  ] [          ] INFO  restx.RestxMainRouterFactory - [RESTX REQUEST] GET /hello ? who=xavier - per request factory created in 759,7 ms
2015-01-19 13:13:13,871 [qtp39536287-14  ] [          ] INFO  restx.StdRestxMainRouter - << [RESTX REQUEST] GET /hello ? who=xavier >> OK - 10,58 ms
2015-01-19 13:13:14,203 [qtp39536287-14  ] [          ] INFO  restx.stats.RestxStatsCollector - collecting and sharing stats enabled - see http://restx.io/stats.html for details.
2015-01-19 13:13:14,237 [qtp39536287-14  ] [          ] INFO  restx.RestxMainRouterFactory - [RESTX REQUEST] GET /message - per request factory created in 241,6 ms
2015-01-19 13:13:14,262 [qtp39536287-14  ] [admin     ] INFO  restx.StdRestxMainRouter - << [RESTX REQUEST] GET /message >> OK - 23,86 ms
2015-01-19 13:13:14,570 [qtp39536287-14  ] [          ] INFO  restx.stats.RestxStatsCollector - collecting and sharing stats enabled - see http://restx.io/stats.html for details.
2015-01-19 13:13:14,602 [qtp39536287-14  ] [          ] INFO  restx.RestxMainRouterFactory - [RESTX REQUEST] GET /message - per request factory created in 219,1 ms
2015-01-19 13:13:14,616 [qtp39536287-14  ] [user1     ] INFO  restx.StdRestxMainRouter - << [RESTX REQUEST] GET /message >> OK - 13,43 ms
2015-01-19 13:13:14,926 [qtp39536287-14  ] [          ] INFO  restx.stats.RestxStatsCollector - collecting and sharing stats enabled - see http://restx.io/stats.html for details.
2015-01-19 13:13:14,982 [qtp39536287-14  ] [          ] INFO  restx.RestxMainRouterFactory - [RESTX REQUEST] GET /message - per request factory created in 233,5 ms
2015-01-19 13:13:14,999 [qtp39536287-14  ] [user2     ] INFO  restx.StdRestxMainRouter - << [RESTX REQUEST] GET /message >> FORBIDDEN - 16,02 ms
