[INFO ] 17-12-07-22:31:08.740 [pomlp.xml.MathParser:92 | main] - Parse latex string to document...
[TRACE] 17-12-07-22:31:08.750 [pomlp.xml.MathParser:97 | main] - Init linked piped in and output streams
[TRACE] 17-12-07-22:31:08.751 [pomlp.xml.MathParser:102 | main] - Create document builder factory
[DEBUG] 17-12-07-22:31:08.751 [pomlp.xml.MathParser:107 | main] - Parse latex expression by POM-Tagger
[DEBUG] 17-12-07-22:31:08.755 [pomlp.xml.MathParser:112 | main] - Create and start parallel thread to listen on piped input stream
[DEBUG] 17-12-07-22:31:08.890 [pomlp.xml.MathParser:120 | main] - Starting writing process to connected piped output stream...
[DEBUG] 17-12-07-22:31:08.892 [pomlp.xml.PomXmlWriter:76 | main] - Start XML writing process...
[TRACE] 17-12-07-22:31:08.898 [pomlp.xml.PomXmlWriter:80 | main] - Start document writing..
[TRACE] 17-12-07-22:31:08.899 [pomlp.xml.PomXmlWriter:88 | main] - Start recursive writing..
[TRACE] 17-12-07-22:31:08.903 [pomlp.xml.PomXmlWriter:92 | main] - Close document.
[INFO ] 17-12-07-22:31:08.903 [pomlp.xml.PomXmlWriter:96 | main] - XML writing successful!
[TRACE] 17-12-07-22:31:08.904 [pomlp.xml.MathParser:124 | main] - Done writing to output stream. Close stream
[DEBUG] 17-12-07-22:31:08.904 [pomlp.xml.MathParser:129 | main] - Get result from parallel thread (the document object)
[TRACE] 17-12-07-22:31:08.905 [pomlp.xml.MathParser:134 | main] - Shutdown parallel service.
[INFO ] 17-12-07-22:31:08.906 [pomlp.xml.MathParser:155 | main] - Read contentP...
[DEBUG] 17-12-07-22:31:08.909 [pomlp.xml.XmlDocumentReader:27 | main] - Start reading process from XML file.
[DEBUG] 17-12-07-22:31:08.913 [pomlp.xml.XmlDocumentReader:31 | main] - Successfully read from XML file.
[INFO ] 17-12-07-22:31:08.914 [pomlp.xml.MathParser:157 | main] - Read presentationP...
[DEBUG] 17-12-07-22:31:08.914 [pomlp.xml.XmlDocumentReader:27 | main] - Start reading process from XML file.
[DEBUG] 17-12-07-22:31:08.918 [pomlp.xml.XmlDocumentReader:31 | main] - Successfully read from XML file.
[INFO ] 17-12-07-22:31:08.918 [pomlp.xml.MathParser:160 | main] - Compute distances!
[DEBUG] 17-12-07-22:31:43.657 [pomlp.xml.MathParser:147 | main] - ContentP Path: /home/andreg-p/Projects/mathosphere/pomlp/xml/latexml-P-content.xml
[DEBUG] 17-12-07-22:31:43.660 [pomlp.xml.MathParser:148 | main] - PresentationP Path: /home/andreg-p/Projects/mathosphere/pomlp/xml/latexml-P-presentation.xml
[INFO ] 17-12-07-22:31:43.824 [pomlp.xml.MathParser:92 | main] - Parse latex string to document...
[TRACE] 17-12-07-22:31:43.824 [pomlp.xml.MathParser:97 | main] - Init linked piped in and output streams
[TRACE] 17-12-07-22:31:43.825 [pomlp.xml.MathParser:102 | main] - Create document builder factory
[DEBUG] 17-12-07-22:31:43.826 [pomlp.xml.MathParser:107 | main] - Parse latex expression by POM-Tagger
[DEBUG] 17-12-07-22:31:43.829 [pomlp.xml.MathParser:112 | main] - Create and start parallel thread to listen on piped input stream
[DEBUG] 17-12-07-22:31:43.924 [pomlp.xml.MathParser:120 | main] - Starting writing process to connected piped output stream...
[DEBUG] 17-12-07-22:31:43.926 [pomlp.xml.PomXmlWriter:76 | main] - Start XML writing process...
[TRACE] 17-12-07-22:31:43.930 [pomlp.xml.PomXmlWriter:80 | main] - Start document writing..
[TRACE] 17-12-07-22:31:43.931 [pomlp.xml.PomXmlWriter:88 | main] - Start recursive writing..
[TRACE] 17-12-07-22:31:43.938 [pomlp.xml.PomXmlWriter:92 | main] - Close document.
[INFO ] 17-12-07-22:31:43.940 [pomlp.xml.PomXmlWriter:96 | main] - XML writing successful!
[TRACE] 17-12-07-22:31:43.940 [pomlp.xml.MathParser:124 | main] - Done writing to output stream. Close stream
[DEBUG] 17-12-07-22:31:43.941 [pomlp.xml.MathParser:129 | main] - Get result from parallel thread (the document object)
[TRACE] 17-12-07-22:31:43.944 [pomlp.xml.MathParser:134 | main] - Shutdown parallel service.
[INFO ] 17-12-07-22:31:43.945 [pomlp.xml.MathParser:155 | main] - Read contentP...
[DEBUG] 17-12-07-22:31:43.947 [pomlp.xml.XmlDocumentReader:27 | main] - Start reading process from XML file.
[DEBUG] 17-12-07-22:31:43.957 [pomlp.xml.XmlDocumentReader:31 | main] - Successfully read from XML file.
[INFO ] 17-12-07-22:31:43.958 [pomlp.xml.MathParser:157 | main] - Read presentationP...
[DEBUG] 17-12-07-22:31:43.959 [pomlp.xml.XmlDocumentReader:27 | main] - Start reading process from XML file.
[DEBUG] 17-12-07-22:31:43.964 [pomlp.xml.XmlDocumentReader:31 | main] - Successfully read from XML file.
[INFO ] 17-12-07-22:31:43.965 [pomlp.xml.MathParser:160 | main] - Compute distances!
