2015-01-19 11:40:10,408 [main            ] [          ] INFO  org.eclipse.jetty.server.Server - jetty-8.1.8.v20121106
2015-01-19 11:40:10,641 [main            ] [          ] INFO  restx.RestxMainRouterFactory - LOADING MAIN ROUTER
2015-01-19 11:40:10,641 [main            ] [          ] INFO  restx.RestxMainRouterFactory - 
--------------------------------------
 -- RESTX >> LOAD ON REQUEST << >> CLEAN << >> TEST MODE <<
 -- for admin console,
 --   VISIT http://127.0.0.1:55995/api/@/ui/
 --

2015-01-19 11:40:11,724 [qtp388177239-14 ] [          ] INFO  restx.stats.RestxStatsCollector - collecting and sharing stats enabled - see http://restx.io/stats.html for details.
2015-01-19 11:40:11,808 [qtp388177239-14 ] [          ] INFO  o.h.validator.internal.util.Version - HV000001: Hibernate Validator 5.0.1.Final
2015-01-19 11:40:11,901 [qtp388177239-14 ] [          ] INFO  restx.RestxMainRouterFactory - [RESTX REQUEST] GET /hello ? who=xavier - per request factory created in 1,068 s
2015-01-19 11:40:11,914 [qtp388177239-14 ] [          ] INFO  restx.StdRestxMainRouter - << [RESTX REQUEST] GET /hello ? who=xavier >> OK - 12,08 ms
2015-01-19 11:40:12,253 [qtp388177239-14 ] [          ] INFO  restx.stats.RestxStatsCollector - collecting and sharing stats enabled - see http://restx.io/stats.html for details.
2015-01-19 11:40:12,289 [qtp388177239-14 ] [          ] INFO  restx.RestxMainRouterFactory - [RESTX REQUEST] GET /message - per request factory created in 241,9 ms
2015-01-19 11:40:12,316 [qtp388177239-14 ] [admin     ] INFO  restx.StdRestxMainRouter - << [RESTX REQUEST] GET /message >> OK - 26,69 ms
2015-01-19 11:40:12,622 [qtp388177239-14 ] [          ] INFO  restx.stats.RestxStatsCollector - collecting and sharing stats enabled - see http://restx.io/stats.html for details.
2015-01-19 11:40:12,652 [qtp388177239-14 ] [          ] INFO  restx.RestxMainRouterFactory - [RESTX REQUEST] GET /message - per request factory created in 212,6 ms
2015-01-19 11:40:12,661 [qtp388177239-14 ] [user1     ] INFO  restx.StdRestxMainRouter - << [RESTX REQUEST] GET /message >> OK - 8,919 ms
2015-01-19 11:40:13,248 [qtp388177239-14 ] [          ] INFO  restx.stats.RestxStatsCollector - collecting and sharing stats enabled - see http://restx.io/stats.html for details.
2015-01-19 11:40:13,384 [qtp388177239-14 ] [          ] INFO  restx.RestxMainRouterFactory - [RESTX REQUEST] GET /message - per request factory created in 591,7 ms
2015-01-19 11:40:13,414 [qtp388177239-14 ] [user2     ] INFO  restx.StdRestxMainRouter - << [RESTX REQUEST] GET /message >> FORBIDDEN - 29,31 ms
